[0.336s] DEBUG:colcon:Command line arguments: ['/usr/bin/colcon', 'build', '--symlink-install']
[0.336s] DEBUG:colcon:Parsed command line arguments: Namespace(log_base=None, log_level=None, verb_name='build', build_base='build', install_base='install', merge_install=False, symlink_install=True, test_result_base=None, continue_on_error=False, executor='parallel', parallel_workers=4, event_handlers=None, ignore_user_meta=False, metas=['./colcon.meta'], base_paths=['.'], packages_ignore=None, packages_ignore_regex=None, paths=None, packages_up_to=None, packages_up_to_regex=None, packages_above=None, packages_above_and_dependencies=None, packages_above_depth=None, packages_select_by_dep=None, packages_skip_by_dep=None, packages_skip_up_to=None, packages_select_build_failed=False, packages_skip_build_finished=False, packages_select_test_failures=False, packages_skip_test_passed=False, packages_select=None, packages_skip=None, packages_select_regex=None, packages_skip_regex=None, packages_start=None, packages_end=None, allow_overriding=[], cmake_args=None, cmake_target=None, cmake_target_skip_unavailable=False, cmake_clean_cache=False, cmake_clean_first=False, cmake_force_configure=False, ament_cmake_args=None, catkin_cmake_args=None, catkin_skip_building_tests=False, mixin_files=None, mixin=None, verb_parser=<colcon_mixin.mixin.mixin_argument.MixinArgumentDecorator object at 0x7faf1d8a9c00>, verb_extension=<colcon_core.verb.build.BuildVerb object at 0x7faf1d8a9510>, main=<bound method BuildVerb.main of <colcon_core.verb.build.BuildVerb object at 0x7faf1d8a9510>>, mixin_verb=('build',))
[0.692s] Level 1:colcon.colcon_core.package_discovery:discover_packages(colcon_meta) check parameters
[0.692s] Level 1:colcon.colcon_core.package_discovery:discover_packages(recursive) check parameters
[0.693s] Level 1:colcon.colcon_core.package_discovery:discover_packages(ignore) check parameters
[0.693s] Level 1:colcon.colcon_core.package_discovery:discover_packages(path) check parameters
[0.693s] Level 1:colcon.colcon_core.package_discovery:discover_packages(colcon_meta) discover
[0.693s] Level 1:colcon.colcon_core.package_discovery:discover_packages(recursive) discover
[0.693s] INFO:colcon.colcon_core.package_discovery:Crawling recursively for packages in '/home/suhaib/linedetect_ws'
[0.693s] Level 1:colcon.colcon_core.package_identification:_identify(.) by extensions ['ignore', 'ignore_ament_install']
[0.693s] Level 1:colcon.colcon_core.package_identification:_identify(.) by extension 'ignore'
[0.693s] Level 1:colcon.colcon_core.package_identification:_identify(.) by extension 'ignore_ament_install'
[0.693s] Level 1:colcon.colcon_core.package_identification:_identify(.) by extensions ['colcon_pkg']
[0.693s] Level 1:colcon.colcon_core.package_identification:_identify(.) by extension 'colcon_pkg'
[0.693s] Level 1:colcon.colcon_core.package_identification:_identify(.) by extensions ['colcon_meta']
[0.693s] Level 1:colcon.colcon_core.package_identification:_identify(.) by extension 'colcon_meta'
[0.693s] Level 1:colcon.colcon_core.package_identification:_identify(.) by extensions ['ros']
[0.693s] Level 1:colcon.colcon_core.package_identification:_identify(.) by extension 'ros'
[0.708s] Level 1:colcon.colcon_core.package_identification:_identify(.) by extensions ['cmake', 'python']
[0.708s] Level 1:colcon.colcon_core.package_identification:_identify(.) by extension 'cmake'
[0.708s] Level 1:colcon.colcon_core.package_identification:_identify(.) by extension 'python'
[0.708s] Level 1:colcon.colcon_core.package_identification:_identify(.) by extensions ['python_setup_py']
[0.709s] Level 1:colcon.colcon_core.package_identification:_identify(.) by extension 'python_setup_py'
[0.709s] Level 1:colcon.colcon_core.package_identification:_identify(build) by extensions ['ignore', 'ignore_ament_install']
[0.709s] Level 1:colcon.colcon_core.package_identification:_identify(build) by extension 'ignore'
[0.709s] Level 1:colcon.colcon_core.package_identification:_identify(build) ignored
[0.709s] Level 1:colcon.colcon_core.package_identification:_identify(install) by extensions ['ignore', 'ignore_ament_install']
[0.709s] Level 1:colcon.colcon_core.package_identification:_identify(install) by extension 'ignore'
[0.709s] Level 1:colcon.colcon_core.package_identification:_identify(install) ignored
[0.710s] Level 1:colcon.colcon_core.package_identification:_identify(log) by extensions ['ignore', 'ignore_ament_install']
[0.710s] Level 1:colcon.colcon_core.package_identification:_identify(log) by extension 'ignore'
[0.710s] Level 1:colcon.colcon_core.package_identification:_identify(log) ignored
[0.710s] Level 1:colcon.colcon_core.package_identification:_identify(src) by extensions ['ignore', 'ignore_ament_install']
[0.710s] Level 1:colcon.colcon_core.package_identification:_identify(src) by extension 'ignore'
[0.710s] Level 1:colcon.colcon_core.package_identification:_identify(src) by extension 'ignore_ament_install'
[0.710s] Level 1:colcon.colcon_core.package_identification:_identify(src) by extensions ['colcon_pkg']
[0.710s] Level 1:colcon.colcon_core.package_identification:_identify(src) by extension 'colcon_pkg'
[0.710s] Level 1:colcon.colcon_core.package_identification:_identify(src) by extensions ['colcon_meta']
[0.710s] Level 1:colcon.colcon_core.package_identification:_identify(src) by extension 'colcon_meta'
[0.711s] Level 1:colcon.colcon_core.package_identification:_identify(src) by extensions ['ros']
[0.711s] Level 1:colcon.colcon_core.package_identification:_identify(src) by extension 'ros'
[0.711s] Level 1:colcon.colcon_core.package_identification:_identify(src) by extensions ['cmake', 'python']
[0.711s] Level 1:colcon.colcon_core.package_identification:_identify(src) by extension 'cmake'
[0.711s] Level 1:colcon.colcon_core.package_identification:_identify(src) by extension 'python'
[0.711s] Level 1:colcon.colcon_core.package_identification:_identify(src) by extensions ['python_setup_py']
[0.711s] Level 1:colcon.colcon_core.package_identification:_identify(src) by extension 'python_setup_py'
[0.711s] Level 1:colcon.colcon_core.package_identification:_identify(src/cam_capture) by extensions ['ignore', 'ignore_ament_install']
[0.711s] Level 1:colcon.colcon_core.package_identification:_identify(src/cam_capture) by extension 'ignore'
[0.711s] Level 1:colcon.colcon_core.package_identification:_identify(src/cam_capture) by extension 'ignore_ament_install'
[0.711s] Level 1:colcon.colcon_core.package_identification:_identify(src/cam_capture) by extensions ['colcon_pkg']
[0.711s] Level 1:colcon.colcon_core.package_identification:_identify(src/cam_capture) by extension 'colcon_pkg'
[0.712s] Level 1:colcon.colcon_core.package_identification:_identify(src/cam_capture) by extensions ['colcon_meta']
[0.712s] Level 1:colcon.colcon_core.package_identification:_identify(src/cam_capture) by extension 'colcon_meta'
[0.712s] Level 1:colcon.colcon_core.package_identification:_identify(src/cam_capture) by extensions ['ros']
[0.712s] Level 1:colcon.colcon_core.package_identification:_identify(src/cam_capture) by extension 'ros'
[0.716s] DEBUG:colcon.colcon_core.package_identification:Package 'src/cam_capture' with type 'ros.ament_cmake' and name 'cam_capture'
[0.716s] Level 1:colcon.colcon_core.package_identification:_identify(src/cam_processor) by extensions ['ignore', 'ignore_ament_install']
[0.716s] Level 1:colcon.colcon_core.package_identification:_identify(src/cam_processor) by extension 'ignore'
[0.716s] Level 1:colcon.colcon_core.package_identification:_identify(src/cam_processor) by extension 'ignore_ament_install'
[0.716s] Level 1:colcon.colcon_core.package_identification:_identify(src/cam_processor) by extensions ['colcon_pkg']
[0.716s] Level 1:colcon.colcon_core.package_identification:_identify(src/cam_processor) by extension 'colcon_pkg'
[0.716s] Level 1:colcon.colcon_core.package_identification:_identify(src/cam_processor) by extensions ['colcon_meta']
[0.716s] Level 1:colcon.colcon_core.package_identification:_identify(src/cam_processor) by extension 'colcon_meta'
[0.716s] Level 1:colcon.colcon_core.package_identification:_identify(src/cam_processor) by extensions ['ros']
[0.716s] Level 1:colcon.colcon_core.package_identification:_identify(src/cam_processor) by extension 'ros'
[0.717s] DEBUG:colcon.colcon_core.package_identification:Package 'src/cam_processor' with type 'ros.ament_cmake' and name 'cam_processor'
[0.717s] Level 1:colcon.colcon_core.package_identification:_identify(src/follow_drive) by extensions ['ignore', 'ignore_ament_install']
[0.717s] Level 1:colcon.colcon_core.package_identification:_identify(src/follow_drive) by extension 'ignore'
[0.718s] Level 1:colcon.colcon_core.package_identification:_identify(src/follow_drive) by extension 'ignore_ament_install'
[0.718s] Level 1:colcon.colcon_core.package_identification:_identify(src/follow_drive) by extensions ['colcon_pkg']
[0.718s] Level 1:colcon.colcon_core.package_identification:_identify(src/follow_drive) by extension 'colcon_pkg'
[0.718s] Level 1:colcon.colcon_core.package_identification:_identify(src/follow_drive) by extensions ['colcon_meta']
[0.718s] Level 1:colcon.colcon_core.package_identification:_identify(src/follow_drive) by extension 'colcon_meta'
[0.718s] Level 1:colcon.colcon_core.package_identification:_identify(src/follow_drive) by extensions ['ros']
[0.718s] Level 1:colcon.colcon_core.package_identification:_identify(src/follow_drive) by extension 'ros'
[0.719s] DEBUG:colcon.colcon_core.package_identification:Package 'src/follow_drive' with type 'ros.ament_cmake' and name 'follow_drive'
[0.719s] Level 1:colcon.colcon_core.package_discovery:discover_packages(recursive) using defaults
[0.719s] Level 1:colcon.colcon_core.package_discovery:discover_packages(ignore) discover
[0.719s] Level 1:colcon.colcon_core.package_discovery:discover_packages(ignore) using defaults
[0.719s] Level 1:colcon.colcon_core.package_discovery:discover_packages(path) discover
[0.719s] Level 1:colcon.colcon_core.package_discovery:discover_packages(path) using defaults
[0.763s] Level 1:colcon.colcon_core.package_discovery:discover_packages(prefix_path) check parameters
[0.763s] Level 1:colcon.colcon_core.package_discovery:discover_packages(prefix_path) discover
[0.768s] DEBUG:colcon.colcon_installed_package_information.package_discovery:Found 2 installed packages in /home/suhaib/first_ws/install
[0.769s] DEBUG:colcon.colcon_installed_package_information.package_discovery:Found 2 installed packages in /home/suhaib/test_ws/install
[0.771s] DEBUG:colcon.colcon_installed_package_information.package_discovery:Found 288 installed packages in /opt/ros/humble
[0.773s] Level 1:colcon.colcon_core.package_discovery:discover_packages(prefix_path) using defaults
[0.862s] Level 5:colcon.colcon_core.verb:set package 'cam_capture' build argument 'cmake_args' from command line to 'None'
[0.862s] Level 5:colcon.colcon_core.verb:set package 'cam_capture' build argument 'cmake_target' from command line to 'None'
[0.862s] Level 5:colcon.colcon_core.verb:set package 'cam_capture' build argument 'cmake_target_skip_unavailable' from command line to 'False'
[0.862s] Level 5:colcon.colcon_core.verb:set package 'cam_capture' build argument 'cmake_clean_cache' from command line to 'False'
[0.862s] Level 5:colcon.colcon_core.verb:set package 'cam_capture' build argument 'cmake_clean_first' from command line to 'False'
[0.862s] Level 5:colcon.colcon_core.verb:set package 'cam_capture' build argument 'cmake_force_configure' from command line to 'False'
[0.862s] Level 5:colcon.colcon_core.verb:set package 'cam_capture' build argument 'ament_cmake_args' from command line to 'None'
[0.862s] Level 5:colcon.colcon_core.verb:set package 'cam_capture' build argument 'catkin_cmake_args' from command line to 'None'
[0.862s] Level 5:colcon.colcon_core.verb:set package 'cam_capture' build argument 'catkin_skip_building_tests' from command line to 'False'
[0.862s] DEBUG:colcon.colcon_core.verb:Building package 'cam_capture' with the following arguments: {'ament_cmake_args': None, 'build_base': '/home/suhaib/linedetect_ws/build/cam_capture', 'catkin_cmake_args': None, 'catkin_skip_building_tests': False, 'cmake_args': None, 'cmake_clean_cache': False, 'cmake_clean_first': False, 'cmake_force_configure': False, 'cmake_target': None, 'cmake_target_skip_unavailable': False, 'install_base': '/home/suhaib/linedetect_ws/install/cam_capture', 'merge_install': False, 'path': '/home/suhaib/linedetect_ws/src/cam_capture', 'symlink_install': True, 'test_result_base': None}
[0.863s] Level 5:colcon.colcon_core.verb:set package 'cam_processor' build argument 'cmake_args' from command line to 'None'
[0.863s] Level 5:colcon.colcon_core.verb:set package 'cam_processor' build argument 'cmake_target' from command line to 'None'
[0.863s] Level 5:colcon.colcon_core.verb:set package 'cam_processor' build argument 'cmake_target_skip_unavailable' from command line to 'False'
[0.863s] Level 5:colcon.colcon_core.verb:set package 'cam_processor' build argument 'cmake_clean_cache' from command line to 'False'
[0.863s] Level 5:colcon.colcon_core.verb:set package 'cam_processor' build argument 'cmake_clean_first' from command line to 'False'
[0.863s] Level 5:colcon.colcon_core.verb:set package 'cam_processor' build argument 'cmake_force_configure' from command line to 'False'
[0.863s] Level 5:colcon.colcon_core.verb:set package 'cam_processor' build argument 'ament_cmake_args' from command line to 'None'
[0.863s] Level 5:colcon.colcon_core.verb:set package 'cam_processor' build argument 'catkin_cmake_args' from command line to 'None'
[0.863s] Level 5:colcon.colcon_core.verb:set package 'cam_processor' build argument 'catkin_skip_building_tests' from command line to 'False'
[0.863s] DEBUG:colcon.colcon_core.verb:Building package 'cam_processor' with the following arguments: {'ament_cmake_args': None, 'build_base': '/home/suhaib/linedetect_ws/build/cam_processor', 'catkin_cmake_args': None, 'catkin_skip_building_tests': False, 'cmake_args': None, 'cmake_clean_cache': False, 'cmake_clean_first': False, 'cmake_force_configure': False, 'cmake_target': None, 'cmake_target_skip_unavailable': False, 'install_base': '/home/suhaib/linedetect_ws/install/cam_processor', 'merge_install': False, 'path': '/home/suhaib/linedetect_ws/src/cam_processor', 'symlink_install': True, 'test_result_base': None}
[0.864s] Level 5:colcon.colcon_core.verb:set package 'follow_drive' build argument 'cmake_args' from command line to 'None'
[0.864s] Level 5:colcon.colcon_core.verb:set package 'follow_drive' build argument 'cmake_target' from command line to 'None'
[0.864s] Level 5:colcon.colcon_core.verb:set package 'follow_drive' build argument 'cmake_target_skip_unavailable' from command line to 'False'
[0.864s] Level 5:colcon.colcon_core.verb:set package 'follow_drive' build argument 'cmake_clean_cache' from command line to 'False'
[0.864s] Level 5:colcon.colcon_core.verb:set package 'follow_drive' build argument 'cmake_clean_first' from command line to 'False'
[0.864s] Level 5:colcon.colcon_core.verb:set package 'follow_drive' build argument 'cmake_force_configure' from command line to 'False'
[0.864s] Level 5:colcon.colcon_core.verb:set package 'follow_drive' build argument 'ament_cmake_args' from command line to 'None'
[0.864s] Level 5:colcon.colcon_core.verb:set package 'follow_drive' build argument 'catkin_cmake_args' from command line to 'None'
[0.864s] Level 5:colcon.colcon_core.verb:set package 'follow_drive' build argument 'catkin_skip_building_tests' from command line to 'False'
[0.864s] DEBUG:colcon.colcon_core.verb:Building package 'follow_drive' with the following arguments: {'ament_cmake_args': None, 'build_base': '/home/suhaib/linedetect_ws/build/follow_drive', 'catkin_cmake_args': None, 'catkin_skip_building_tests': False, 'cmake_args': None, 'cmake_clean_cache': False, 'cmake_clean_first': False, 'cmake_force_configure': False, 'cmake_target': None, 'cmake_target_skip_unavailable': False, 'install_base': '/home/suhaib/linedetect_ws/install/follow_drive', 'merge_install': False, 'path': '/home/suhaib/linedetect_ws/src/follow_drive', 'symlink_install': True, 'test_result_base': None}
[0.864s] INFO:colcon.colcon_core.executor:Executing jobs using 'parallel' executor
[0.866s] DEBUG:colcon.colcon_parallel_executor.executor.parallel:run_until_complete
[0.867s] INFO:colcon.colcon_ros.task.ament_cmake.build:Building ROS package in '/home/suhaib/linedetect_ws/src/cam_capture' with build type 'ament_cmake'
[0.867s] INFO:colcon.colcon_cmake.task.cmake.build:Building CMake package in '/home/suhaib/linedetect_ws/src/cam_capture'
[0.873s] INFO:colcon.colcon_core.plugin_system:Skipping extension 'colcon_core.shell.bat': Not used on non-Windows systems
[0.873s] INFO:colcon.colcon_core.shell:Skip shell extension 'powershell' for command environment: Not usable outside of PowerShell
[0.873s] DEBUG:colcon.colcon_core.shell:Skip shell extension 'dsv' for command environment
[0.881s] INFO:colcon.colcon_ros.task.ament_cmake.build:Building ROS package in '/home/suhaib/linedetect_ws/src/cam_processor' with build type 'ament_cmake'
[0.882s] INFO:colcon.colcon_cmake.task.cmake.build:Building CMake package in '/home/suhaib/linedetect_ws/src/cam_processor'
[0.882s] INFO:colcon.colcon_core.shell:Skip shell extension 'powershell' for command environment: Not usable outside of PowerShell
[0.882s] DEBUG:colcon.colcon_core.shell:Skip shell extension 'dsv' for command environment
[0.887s] INFO:colcon.colcon_ros.task.ament_cmake.build:Building ROS package in '/home/suhaib/linedetect_ws/src/follow_drive' with build type 'ament_cmake'
[0.887s] INFO:colcon.colcon_cmake.task.cmake.build:Building CMake package in '/home/suhaib/linedetect_ws/src/follow_drive'
[0.888s] INFO:colcon.colcon_core.shell:Skip shell extension 'powershell' for command environment: Not usable outside of PowerShell
[0.888s] DEBUG:colcon.colcon_core.shell:Skip shell extension 'dsv' for command environment
[0.906s] DEBUG:colcon.colcon_core.event_handler.log_command:Invoking command in '/home/suhaib/linedetect_ws/build/cam_capture': CMAKE_PREFIX_PATH=${CMAKE_PREFIX_PATH}:/opt/ros/humble /usr/bin/cmake --build /home/suhaib/linedetect_ws/build/cam_capture -- -j4 -l4
[0.924s] DEBUG:colcon.colcon_core.event_handler.log_command:Invoking command in '/home/suhaib/linedetect_ws/build/cam_processor': CMAKE_PREFIX_PATH=${CMAKE_PREFIX_PATH}:/opt/ros/humble /usr/bin/cmake --build /home/suhaib/linedetect_ws/build/cam_processor -- -j4 -l4
[0.931s] DEBUG:colcon.colcon_core.event_handler.log_command:Invoking command in '/home/suhaib/linedetect_ws/build/follow_drive': CMAKE_PREFIX_PATH=${CMAKE_PREFIX_PATH}:/opt/ros/humble /usr/bin/cmake /home/suhaib/linedetect_ws/src/follow_drive -DAMENT_CMAKE_SYMLINK_INSTALL=1 -DCMAKE_INSTALL_PREFIX=/home/suhaib/linedetect_ws/install/follow_drive
[1.013s] DEBUG:colcon.colcon_core.event_handler.log_command:Invoked command in '/home/suhaib/linedetect_ws/build/cam_capture' returned '0': CMAKE_PREFIX_PATH=${CMAKE_PREFIX_PATH}:/opt/ros/humble /usr/bin/cmake --build /home/suhaib/linedetect_ws/build/cam_capture -- -j4 -l4
[1.016s] DEBUG:colcon.colcon_core.event_handler.log_command:Invoked command in '/home/suhaib/linedetect_ws/build/cam_processor' returned '0': CMAKE_PREFIX_PATH=${CMAKE_PREFIX_PATH}:/opt/ros/humble /usr/bin/cmake --build /home/suhaib/linedetect_ws/build/cam_processor -- -j4 -l4
[1.070s] DEBUG:colcon.colcon_core.event_handler.log_command:Invoking command in '/home/suhaib/linedetect_ws/build/cam_capture': CMAKE_PREFIX_PATH=${CMAKE_PREFIX_PATH}:/opt/ros/humble /usr/bin/cmake --install /home/suhaib/linedetect_ws/build/cam_capture
[1.074s] DEBUG:colcon.colcon_core.event_handler.log_command:Invoking command in '/home/suhaib/linedetect_ws/build/cam_processor': CMAKE_PREFIX_PATH=${CMAKE_PREFIX_PATH}:/opt/ros/humble /usr/bin/cmake --install /home/suhaib/linedetect_ws/build/cam_processor
[1.118s] Level 1:colcon.colcon_core.environment:create_environment_scripts_only(cam_processor)
[1.120s] DEBUG:colcon.colcon_core.event_handler.log_command:Invoked command in '/home/suhaib/linedetect_ws/build/cam_processor' returned '0': CMAKE_PREFIX_PATH=${CMAKE_PREFIX_PATH}:/opt/ros/humble /usr/bin/cmake --install /home/suhaib/linedetect_ws/build/cam_processor
[1.125s] Level 1:colcon.colcon_core.environment:checking '/home/suhaib/linedetect_ws/install/cam_processor' for CMake module files
[1.131s] Level 1:colcon.colcon_core.environment:checking '/home/suhaib/linedetect_ws/install/cam_processor' for CMake config files
[1.132s] Level 1:colcon.colcon_core.shell:create_environment_hook('cam_processor', 'cmake_prefix_path')
[1.133s] INFO:colcon.colcon_core.shell:Creating environment hook '/home/suhaib/linedetect_ws/install/cam_processor/share/cam_processor/hook/cmake_prefix_path.ps1'
[1.135s] INFO:colcon.colcon_core.shell:Creating environment descriptor '/home/suhaib/linedetect_ws/install/cam_processor/share/cam_processor/hook/cmake_prefix_path.dsv'
[1.136s] INFO:colcon.colcon_core.shell:Creating environment hook '/home/suhaib/linedetect_ws/install/cam_processor/share/cam_processor/hook/cmake_prefix_path.sh'
[1.139s] Level 1:colcon.colcon_core.environment:checking '/home/suhaib/linedetect_ws/install/cam_processor/bin'
[1.140s] Level 1:colcon.colcon_core.environment:checking '/home/suhaib/linedetect_ws/install/cam_processor/lib/pkgconfig/cam_processor.pc'
[1.140s] Level 1:colcon.colcon_core.environment:checking '/home/suhaib/linedetect_ws/install/cam_processor/lib/python3.10/site-packages'
[1.141s] Level 1:colcon.colcon_core.environment:checking '/home/suhaib/linedetect_ws/install/cam_processor/bin'
[1.142s] INFO:colcon.colcon_core.shell:Creating package script '/home/suhaib/linedetect_ws/install/cam_processor/share/cam_processor/package.ps1'
[1.145s] INFO:colcon.colcon_core.shell:Creating package descriptor '/home/suhaib/linedetect_ws/install/cam_processor/share/cam_processor/package.dsv'
[1.146s] INFO:colcon.colcon_core.shell:Creating package script '/home/suhaib/linedetect_ws/install/cam_processor/share/cam_processor/package.sh'
[1.148s] INFO:colcon.colcon_core.shell:Creating package script '/home/suhaib/linedetect_ws/install/cam_processor/share/cam_processor/package.bash'
[1.150s] INFO:colcon.colcon_core.shell:Creating package script '/home/suhaib/linedetect_ws/install/cam_processor/share/cam_processor/package.zsh'
[1.152s] Level 1:colcon.colcon_core.environment:create_file_with_runtime_dependencies(/home/suhaib/linedetect_ws/install/cam_processor/share/colcon-core/packages/cam_processor)
[1.155s] Level 1:colcon.colcon_core.environment:create_environment_scripts_only(cam_capture)
[1.156s] Level 1:colcon.colcon_core.environment:checking '/home/suhaib/linedetect_ws/install/cam_capture' for CMake module files
[1.158s] DEBUG:colcon.colcon_core.event_handler.log_command:Invoked command in '/home/suhaib/linedetect_ws/build/cam_capture' returned '0': CMAKE_PREFIX_PATH=${CMAKE_PREFIX_PATH}:/opt/ros/humble /usr/bin/cmake --install /home/suhaib/linedetect_ws/build/cam_capture
[1.160s] Level 1:colcon.colcon_core.environment:checking '/home/suhaib/linedetect_ws/install/cam_capture' for CMake config files
[1.163s] Level 1:colcon.colcon_core.shell:create_environment_hook('cam_capture', 'cmake_prefix_path')
[1.163s] INFO:colcon.colcon_core.shell:Creating environment hook '/home/suhaib/linedetect_ws/install/cam_capture/share/cam_capture/hook/cmake_prefix_path.ps1'
[1.165s] INFO:colcon.colcon_core.shell:Creating environment descriptor '/home/suhaib/linedetect_ws/install/cam_capture/share/cam_capture/hook/cmake_prefix_path.dsv'
[1.166s] INFO:colcon.colcon_core.shell:Creating environment hook '/home/suhaib/linedetect_ws/install/cam_capture/share/cam_capture/hook/cmake_prefix_path.sh'
[1.168s] Level 1:colcon.colcon_core.environment:checking '/home/suhaib/linedetect_ws/install/cam_capture/bin'
[1.168s] Level 1:colcon.colcon_core.environment:checking '/home/suhaib/linedetect_ws/install/cam_capture/lib/pkgconfig/cam_capture.pc'
[1.169s] Level 1:colcon.colcon_core.environment:checking '/home/suhaib/linedetect_ws/install/cam_capture/lib/python3.10/site-packages'
[1.170s] Level 1:colcon.colcon_core.environment:checking '/home/suhaib/linedetect_ws/install/cam_capture/bin'
[1.171s] INFO:colcon.colcon_core.shell:Creating package script '/home/suhaib/linedetect_ws/install/cam_capture/share/cam_capture/package.ps1'
[1.174s] INFO:colcon.colcon_core.shell:Creating package descriptor '/home/suhaib/linedetect_ws/install/cam_capture/share/cam_capture/package.dsv'
[1.176s] INFO:colcon.colcon_core.shell:Creating package script '/home/suhaib/linedetect_ws/install/cam_capture/share/cam_capture/package.sh'
[1.179s] INFO:colcon.colcon_core.shell:Creating package script '/home/suhaib/linedetect_ws/install/cam_capture/share/cam_capture/package.bash'
[1.181s] INFO:colcon.colcon_core.shell:Creating package script '/home/suhaib/linedetect_ws/install/cam_capture/share/cam_capture/package.zsh'
[1.182s] Level 1:colcon.colcon_core.environment:create_file_with_runtime_dependencies(/home/suhaib/linedetect_ws/install/cam_capture/share/colcon-core/packages/cam_capture)
[1.203s] Level 1:colcon.colcon_core.environment:create_environment_scripts_only(cam_processor)
[1.203s] Level 1:colcon.colcon_core.environment:checking '/home/suhaib/linedetect_ws/install/cam_processor' for CMake module files
[1.205s] Level 1:colcon.colcon_core.environment:checking '/home/suhaib/linedetect_ws/install/cam_processor' for CMake config files
[1.206s] Level 1:colcon.colcon_core.shell:create_environment_hook('cam_processor', 'cmake_prefix_path')
[1.206s] INFO:colcon.colcon_core.shell:Creating environment hook '/home/suhaib/linedetect_ws/install/cam_processor/share/cam_processor/hook/cmake_prefix_path.ps1'
[1.207s] INFO:colcon.colcon_core.shell:Creating environment descriptor '/home/suhaib/linedetect_ws/install/cam_processor/share/cam_processor/hook/cmake_prefix_path.dsv'
[1.208s] INFO:colcon.colcon_core.shell:Creating environment hook '/home/suhaib/linedetect_ws/install/cam_processor/share/cam_processor/hook/cmake_prefix_path.sh'
[1.210s] Level 1:colcon.colcon_core.environment:checking '/home/suhaib/linedetect_ws/install/cam_processor/bin'
[1.210s] Level 1:colcon.colcon_core.environment:checking '/home/suhaib/linedetect_ws/install/cam_processor/lib/pkgconfig/cam_processor.pc'
[1.211s] Level 1:colcon.colcon_core.environment:checking '/home/suhaib/linedetect_ws/install/cam_processor/lib/python3.10/site-packages'
[1.214s] Level 1:colcon.colcon_core.environment:checking '/home/suhaib/linedetect_ws/install/cam_processor/bin'
[1.217s] INFO:colcon.colcon_core.shell:Creating package script '/home/suhaib/linedetect_ws/install/cam_processor/share/cam_processor/package.ps1'
[1.219s] INFO:colcon.colcon_core.shell:Creating package descriptor '/home/suhaib/linedetect_ws/install/cam_processor/share/cam_processor/package.dsv'
[1.220s] INFO:colcon.colcon_core.shell:Creating package script '/home/suhaib/linedetect_ws/install/cam_processor/share/cam_processor/package.sh'
[1.221s] INFO:colcon.colcon_core.shell:Creating package script '/home/suhaib/linedetect_ws/install/cam_processor/share/cam_processor/package.bash'
[1.222s] INFO:colcon.colcon_core.shell:Creating package script '/home/suhaib/linedetect_ws/install/cam_processor/share/cam_processor/package.zsh'
[1.223s] Level 1:colcon.colcon_core.environment:create_file_with_runtime_dependencies(/home/suhaib/linedetect_ws/install/cam_processor/share/colcon-core/packages/cam_processor)
[1.235s] Level 1:colcon.colcon_core.environment:create_environment_scripts_only(cam_capture)
[1.235s] Level 1:colcon.colcon_core.environment:checking '/home/suhaib/linedetect_ws/install/cam_capture' for CMake module files
[1.237s] Level 1:colcon.colcon_core.environment:checking '/home/suhaib/linedetect_ws/install/cam_capture' for CMake config files
[1.238s] Level 1:colcon.colcon_core.shell:create_environment_hook('cam_capture', 'cmake_prefix_path')
[1.238s] INFO:colcon.colcon_core.shell:Creating environment hook '/home/suhaib/linedetect_ws/install/cam_capture/share/cam_capture/hook/cmake_prefix_path.ps1'
[1.240s] INFO:colcon.colcon_core.shell:Creating environment descriptor '/home/suhaib/linedetect_ws/install/cam_capture/share/cam_capture/hook/cmake_prefix_path.dsv'
[1.241s] INFO:colcon.colcon_core.shell:Creating environment hook '/home/suhaib/linedetect_ws/install/cam_capture/share/cam_capture/hook/cmake_prefix_path.sh'
[1.243s] Level 1:colcon.colcon_core.environment:checking '/home/suhaib/linedetect_ws/install/cam_capture/bin'
[1.244s] Level 1:colcon.colcon_core.environment:checking '/home/suhaib/linedetect_ws/install/cam_capture/lib/pkgconfig/cam_capture.pc'
[1.244s] Level 1:colcon.colcon_core.environment:checking '/home/suhaib/linedetect_ws/install/cam_capture/lib/python3.10/site-packages'
[1.245s] Level 1:colcon.colcon_core.environment:checking '/home/suhaib/linedetect_ws/install/cam_capture/bin'
[1.246s] INFO:colcon.colcon_core.shell:Creating package script '/home/suhaib/linedetect_ws/install/cam_capture/share/cam_capture/package.ps1'
[1.248s] INFO:colcon.colcon_core.shell:Creating package descriptor '/home/suhaib/linedetect_ws/install/cam_capture/share/cam_capture/package.dsv'
[1.249s] INFO:colcon.colcon_core.shell:Creating package script '/home/suhaib/linedetect_ws/install/cam_capture/share/cam_capture/package.sh'
[1.251s] INFO:colcon.colcon_core.shell:Creating package script '/home/suhaib/linedetect_ws/install/cam_capture/share/cam_capture/package.bash'
[1.252s] INFO:colcon.colcon_core.shell:Creating package script '/home/suhaib/linedetect_ws/install/cam_capture/share/cam_capture/package.zsh'
[1.253s] Level 1:colcon.colcon_core.environment:create_file_with_runtime_dependencies(/home/suhaib/linedetect_ws/install/cam_capture/share/colcon-core/packages/cam_capture)
[3.972s] DEBUG:colcon.colcon_core.event_handler.log_command:Invoked command in '/home/suhaib/linedetect_ws/build/follow_drive' returned '0': CMAKE_PREFIX_PATH=${CMAKE_PREFIX_PATH}:/opt/ros/humble /usr/bin/cmake /home/suhaib/linedetect_ws/src/follow_drive -DAMENT_CMAKE_SYMLINK_INSTALL=1 -DCMAKE_INSTALL_PREFIX=/home/suhaib/linedetect_ws/install/follow_drive
[3.975s] DEBUG:colcon.colcon_core.event_handler.log_command:Invoking command in '/home/suhaib/linedetect_ws/build/follow_drive': CMAKE_PREFIX_PATH=${CMAKE_PREFIX_PATH}:/opt/ros/humble /usr/bin/cmake --build /home/suhaib/linedetect_ws/build/follow_drive -- -j4 -l4
[4.022s] DEBUG:colcon.colcon_core.event_handler.log_command:Invoked command in '/home/suhaib/linedetect_ws/build/follow_drive' returned '0': CMAKE_PREFIX_PATH=${CMAKE_PREFIX_PATH}:/opt/ros/humble /usr/bin/cmake --build /home/suhaib/linedetect_ws/build/follow_drive -- -j4 -l4
[4.055s] DEBUG:colcon.colcon_core.event_handler.log_command:Invoking command in '/home/suhaib/linedetect_ws/build/follow_drive': CMAKE_PREFIX_PATH=${CMAKE_PREFIX_PATH}:/opt/ros/humble /usr/bin/cmake --install /home/suhaib/linedetect_ws/build/follow_drive
[4.251s] Level 1:colcon.colcon_core.environment:create_environment_scripts_only(follow_drive)
[4.252s] Level 1:colcon.colcon_core.environment:checking '/home/suhaib/linedetect_ws/install/follow_drive' for CMake module files
[4.252s] DEBUG:colcon.colcon_core.event_handler.log_command:Invoked command in '/home/suhaib/linedetect_ws/build/follow_drive' returned '0': CMAKE_PREFIX_PATH=${CMAKE_PREFIX_PATH}:/opt/ros/humble /usr/bin/cmake --install /home/suhaib/linedetect_ws/build/follow_drive
[4.254s] Level 1:colcon.colcon_core.environment:checking '/home/suhaib/linedetect_ws/install/follow_drive' for CMake config files
[4.254s] Level 1:colcon.colcon_core.shell:create_environment_hook('follow_drive', 'cmake_prefix_path')
[4.254s] INFO:colcon.colcon_core.shell:Creating environment hook '/home/suhaib/linedetect_ws/install/follow_drive/share/follow_drive/hook/cmake_prefix_path.ps1'
[4.256s] INFO:colcon.colcon_core.shell:Creating environment descriptor '/home/suhaib/linedetect_ws/install/follow_drive/share/follow_drive/hook/cmake_prefix_path.dsv'
[4.256s] INFO:colcon.colcon_core.shell:Creating environment hook '/home/suhaib/linedetect_ws/install/follow_drive/share/follow_drive/hook/cmake_prefix_path.sh'
[4.257s] Level 1:colcon.colcon_core.environment:checking '/home/suhaib/linedetect_ws/install/follow_drive/bin'
[4.257s] Level 1:colcon.colcon_core.environment:checking '/home/suhaib/linedetect_ws/install/follow_drive/lib/pkgconfig/follow_drive.pc'
[4.258s] Level 1:colcon.colcon_core.environment:checking '/home/suhaib/linedetect_ws/install/follow_drive/lib/python3.10/site-packages'
[4.258s] Level 1:colcon.colcon_core.environment:checking '/home/suhaib/linedetect_ws/install/follow_drive/bin'
[4.258s] INFO:colcon.colcon_core.shell:Creating package script '/home/suhaib/linedetect_ws/install/follow_drive/share/follow_drive/package.ps1'
[4.259s] INFO:colcon.colcon_core.shell:Creating package descriptor '/home/suhaib/linedetect_ws/install/follow_drive/share/follow_drive/package.dsv'
[4.260s] INFO:colcon.colcon_core.shell:Creating package script '/home/suhaib/linedetect_ws/install/follow_drive/share/follow_drive/package.sh'
[4.261s] INFO:colcon.colcon_core.shell:Creating package script '/home/suhaib/linedetect_ws/install/follow_drive/share/follow_drive/package.bash'
[4.262s] INFO:colcon.colcon_core.shell:Creating package script '/home/suhaib/linedetect_ws/install/follow_drive/share/follow_drive/package.zsh'
[4.262s] Level 1:colcon.colcon_core.environment:create_file_with_runtime_dependencies(/home/suhaib/linedetect_ws/install/follow_drive/share/colcon-core/packages/follow_drive)
[4.294s] Level 1:colcon.colcon_core.environment:create_environment_scripts_only(follow_drive)
[4.294s] Level 1:colcon.colcon_core.environment:checking '/home/suhaib/linedetect_ws/install/follow_drive' for CMake module files
[4.295s] Level 1:colcon.colcon_core.environment:checking '/home/suhaib/linedetect_ws/install/follow_drive' for CMake config files
[4.295s] Level 1:colcon.colcon_core.shell:create_environment_hook('follow_drive', 'cmake_prefix_path')
[4.296s] INFO:colcon.colcon_core.shell:Creating environment hook '/home/suhaib/linedetect_ws/install/follow_drive/share/follow_drive/hook/cmake_prefix_path.ps1'
[4.296s] INFO:colcon.colcon_core.shell:Creating environment descriptor '/home/suhaib/linedetect_ws/install/follow_drive/share/follow_drive/hook/cmake_prefix_path.dsv'
[4.297s] INFO:colcon.colcon_core.shell:Creating environment hook '/home/suhaib/linedetect_ws/install/follow_drive/share/follow_drive/hook/cmake_prefix_path.sh'
[4.297s] Level 1:colcon.colcon_core.environment:checking '/home/suhaib/linedetect_ws/install/follow_drive/bin'
[4.297s] Level 1:colcon.colcon_core.environment:checking '/home/suhaib/linedetect_ws/install/follow_drive/lib/pkgconfig/follow_drive.pc'
[4.297s] Level 1:colcon.colcon_core.environment:checking '/home/suhaib/linedetect_ws/install/follow_drive/lib/python3.10/site-packages'
[4.298s] Level 1:colcon.colcon_core.environment:checking '/home/suhaib/linedetect_ws/install/follow_drive/bin'
[4.298s] INFO:colcon.colcon_core.shell:Creating package script '/home/suhaib/linedetect_ws/install/follow_drive/share/follow_drive/package.ps1'
[4.299s] INFO:colcon.colcon_core.shell:Creating package descriptor '/home/suhaib/linedetect_ws/install/follow_drive/share/follow_drive/package.dsv'
[4.299s] INFO:colcon.colcon_core.shell:Creating package script '/home/suhaib/linedetect_ws/install/follow_drive/share/follow_drive/package.sh'
[4.300s] INFO:colcon.colcon_core.shell:Creating package script '/home/suhaib/linedetect_ws/install/follow_drive/share/follow_drive/package.bash'
[4.301s] INFO:colcon.colcon_core.shell:Creating package script '/home/suhaib/linedetect_ws/install/follow_drive/share/follow_drive/package.zsh'
[4.302s] Level 1:colcon.colcon_core.environment:create_file_with_runtime_dependencies(/home/suhaib/linedetect_ws/install/follow_drive/share/colcon-core/packages/follow_drive)
[4.302s] DEBUG:colcon.colcon_parallel_executor.executor.parallel:closing loop
[4.303s] DEBUG:colcon.colcon_parallel_executor.executor.parallel:loop closed
[4.304s] DEBUG:colcon.colcon_parallel_executor.executor.parallel:run_until_complete finished with '0'
[4.305s] DEBUG:colcon.colcon_core.event_reactor:joining thread
[4.395s] INFO:colcon.colcon_core.plugin_system:Skipping extension 'colcon_notification.desktop_notification.notify_send': Could not find 'notify-send'
[4.396s] INFO:colcon.colcon_core.plugin_system:Skipping extension 'colcon_notification.desktop_notification.terminal_notifier': Not used on non-Darwin systems
[4.396s] INFO:colcon.colcon_core.plugin_system:Skipping extension 'colcon_notification.desktop_notification.win32': Not used on non-Windows systems
[4.396s] INFO:colcon.colcon_notification.desktop_notification:Sending desktop notification using 'notify2'
[4.396s] DEBUG:colcon.colcon_notification.desktop_notification.notify2:Failed to initialize notify2: org.freedesktop.DBus.Error.FileNotFound: Failed to connect to socket /run/user/1000/bus: No such file or directory
[4.396s] DEBUG:colcon.colcon_core.event_reactor:joined thread
[4.397s] INFO:colcon.colcon_core.shell:Creating prefix script '/home/suhaib/linedetect_ws/install/local_setup.ps1'
[4.399s] INFO:colcon.colcon_core.shell:Creating prefix util module '/home/suhaib/linedetect_ws/install/_local_setup_util_ps1.py'
[4.401s] INFO:colcon.colcon_core.shell:Creating prefix chain script '/home/suhaib/linedetect_ws/install/setup.ps1'
[4.403s] INFO:colcon.colcon_core.shell:Creating prefix script '/home/suhaib/linedetect_ws/install/local_setup.sh'
[4.404s] INFO:colcon.colcon_core.shell:Creating prefix util module '/home/suhaib/linedetect_ws/install/_local_setup_util_sh.py'
[4.405s] INFO:colcon.colcon_core.shell:Creating prefix chain script '/home/suhaib/linedetect_ws/install/setup.sh'
[4.407s] INFO:colcon.colcon_core.shell:Creating prefix script '/home/suhaib/linedetect_ws/install/local_setup.bash'
[4.408s] INFO:colcon.colcon_core.shell:Creating prefix chain script '/home/suhaib/linedetect_ws/install/setup.bash'
[4.410s] INFO:colcon.colcon_core.shell:Creating prefix script '/home/suhaib/linedetect_ws/install/local_setup.zsh'
[4.411s] INFO:colcon.colcon_core.shell:Creating prefix chain script '/home/suhaib/linedetect_ws/install/setup.zsh'
