[0.043s] Invoking command in '/home/suhaib/linedetect_ws/build/cam_processor': CMAKE_PREFIX_PATH=${CMAKE_PREFIX_PATH}:/opt/ros/humble /usr/bin/cmake --build /home/suhaib/linedetect_ws/build/cam_processor -- -j4 -l4
[0.135s] Invoked command in '/home/suhaib/linedetect_ws/build/cam_processor' returned '0': CMAKE_PREFIX_PATH=${CMAKE_PREFIX_PATH}:/opt/ros/humble /usr/bin/cmake --build /home/suhaib/linedetect_ws/build/cam_processor -- -j4 -l4
[0.193s] Invoking command in '/home/suhaib/linedetect_ws/build/cam_processor': CMAKE_PREFIX_PATH=${CMAKE_PREFIX_PATH}:/opt/ros/humble /usr/bin/cmake --install /home/suhaib/linedetect_ws/build/cam_processor
[0.211s] -- Install configuration: ""
[0.211s] -- Execute custom install script
[0.211s] -- Up-to-date symlink: /home/suhaib/linedetect_ws/install/cam_processor/share/ament_index/resource_index/package_run_dependencies/cam_processor
[0.211s] -- Up-to-date symlink: /home/suhaib/linedetect_ws/install/cam_processor/share/ament_index/resource_index/parent_prefix_path/cam_processor
[0.212s] -- Up-to-date symlink: /home/suhaib/linedetect_ws/install/cam_processor/share/cam_processor/environment/ament_prefix_path.sh
[0.212s] -- Up-to-date symlink: /home/suhaib/linedetect_ws/install/cam_processor/share/cam_processor/environment/ament_prefix_path.dsv
[0.213s] -- Up-to-date symlink: /home/suhaib/linedetect_ws/install/cam_processor/share/cam_processor/environment/path.sh
[0.215s] -- Up-to-date symlink: /home/suhaib/linedetect_ws/install/cam_processor/share/cam_processor/environment/path.dsv
[0.216s] -- Up-to-date symlink: /home/suhaib/linedetect_ws/install/cam_processor/share/cam_processor/local_setup.bash
[0.216s] -- Up-to-date symlink: /home/suhaib/linedetect_ws/install/cam_processor/share/cam_processor/local_setup.sh
[0.216s] -- Up-to-date symlink: /home/suhaib/linedetect_ws/install/cam_processor/share/cam_processor/local_setup.zsh
[0.216s] -- Up-to-date symlink: /home/suhaib/linedetect_ws/install/cam_processor/share/cam_processor/local_setup.dsv
[0.217s] -- Symlinking: /home/suhaib/linedetect_ws/install/cam_processor/share/cam_processor/package.dsv
[0.233s] -- Up-to-date symlink: /home/suhaib/linedetect_ws/install/cam_processor/share/ament_index/resource_index/packages/cam_processor
[0.234s] -- Up-to-date symlink: /home/suhaib/linedetect_ws/install/cam_processor/share/cam_processor/cmake/cam_processorConfig.cmake
[0.234s] -- Up-to-date symlink: /home/suhaib/linedetect_ws/install/cam_processor/share/cam_processor/cmake/cam_processorConfig-version.cmake
[0.234s] -- Up-to-date symlink: /home/suhaib/linedetect_ws/install/cam_processor/share/cam_processor/package.xml
[0.238s] Invoked command in '/home/suhaib/linedetect_ws/build/cam_processor' returned '0': CMAKE_PREFIX_PATH=${CMAKE_PREFIX_PATH}:/opt/ros/humble /usr/bin/cmake --install /home/suhaib/linedetect_ws/build/cam_processor
