[0.044s] Invoking command in '/home/suhaib/linedetect_ws/build/follow_drive': CMAKE_PREFIX_PATH=${CMAKE_PREFIX_PATH}:/opt/ros/humble /usr/bin/cmake /home/suhaib/linedetect_ws/src/follow_drive -DAMENT_CMAKE_SYMLINK_INSTALL=1 -DCMAKE_INSTALL_PREFIX=/home/suhaib/linedetect_ws/install/follow_drive
[0.451s] -- The C compiler identification is GNU 11.4.0
[1.345s] -- The CXX compiler identification is GNU 11.4.0
[1.930s] -- Detecting C compiler ABI info
[2.174s] -- Detecting C compiler ABI info - done
[2.182s] -- Check for working C compiler: /usr/bin/cc - skipped
[2.183s] -- Detecting C compile features
[2.183s] -- Detecting C compile features - done
[2.187s] -- Detecting CXX compiler ABI info
[2.439s] -- Detecting CXX compiler ABI info - done
[2.453s] -- Check for working CXX compiler: /usr/bin/c++ - skipped
[2.454s] -- Detecting CXX compile features
[2.455s] -- Detecting CXX compile features - done
[2.462s] -- Found ament_cmake: 1.3.8 (/opt/ros/humble/share/ament_cmake/cmake)
[2.785s] -- Found Python3: /usr/bin/python3 (found version "3.10.12") found components: Interpreter 
[2.888s] -- Override CMake install command with custom implementation using symlinks instead of copying resources
[2.934s] -- Found ament_lint_auto: 0.12.10 (/opt/ros/humble/share/ament_lint_auto/cmake)
[3.062s] -- Added test 'lint_cmake' to check CMake code style
[3.065s] -- Added test 'xmllint' to check XML markup files
[3.068s] -- Configuring done
[3.077s] -- Generating done
[3.079s] -- Build files have been written to: /home/suhaib/linedetect_ws/build/follow_drive
[3.084s] Invoked command in '/home/suhaib/linedetect_ws/build/follow_drive' returned '0': CMAKE_PREFIX_PATH=${CMAKE_PREFIX_PATH}:/opt/ros/humble /usr/bin/cmake /home/suhaib/linedetect_ws/src/follow_drive -DAMENT_CMAKE_SYMLINK_INSTALL=1 -DCMAKE_INSTALL_PREFIX=/home/suhaib/linedetect_ws/install/follow_drive
[3.087s] Invoking command in '/home/suhaib/linedetect_ws/build/follow_drive': CMAKE_PREFIX_PATH=${CMAKE_PREFIX_PATH}:/opt/ros/humble /usr/bin/cmake --build /home/suhaib/linedetect_ws/build/follow_drive -- -j4 -l4
[3.135s] Invoked command in '/home/suhaib/linedetect_ws/build/follow_drive' returned '0': CMAKE_PREFIX_PATH=${CMAKE_PREFIX_PATH}:/opt/ros/humble /usr/bin/cmake --build /home/suhaib/linedetect_ws/build/follow_drive -- -j4 -l4
[3.167s] Invoking command in '/home/suhaib/linedetect_ws/build/follow_drive': CMAKE_PREFIX_PATH=${CMAKE_PREFIX_PATH}:/opt/ros/humble /usr/bin/cmake --install /home/suhaib/linedetect_ws/build/follow_drive
[3.179s] -- Install configuration: ""
[3.181s] -- Execute custom install script
[3.184s] -- Symlinking: /home/suhaib/linedetect_ws/install/follow_drive/share/ament_index/resource_index/package_run_dependencies/follow_drive
[3.199s] -- Symlinking: /home/suhaib/linedetect_ws/install/follow_drive/share/ament_index/resource_index/parent_prefix_path/follow_drive
[3.211s] -- Symlinking: /home/suhaib/linedetect_ws/install/follow_drive/share/follow_drive/environment/ament_prefix_path.sh
[3.222s] -- Symlinking: /home/suhaib/linedetect_ws/install/follow_drive/share/follow_drive/environment/ament_prefix_path.dsv
[3.234s] -- Symlinking: /home/suhaib/linedetect_ws/install/follow_drive/share/follow_drive/environment/path.sh
[3.245s] -- Symlinking: /home/suhaib/linedetect_ws/install/follow_drive/share/follow_drive/environment/path.dsv
[3.255s] -- Symlinking: /home/suhaib/linedetect_ws/install/follow_drive/share/follow_drive/local_setup.bash
[3.267s] -- Symlinking: /home/suhaib/linedetect_ws/install/follow_drive/share/follow_drive/local_setup.sh
[3.281s] -- Symlinking: /home/suhaib/linedetect_ws/install/follow_drive/share/follow_drive/local_setup.zsh
[3.293s] -- Symlinking: /home/suhaib/linedetect_ws/install/follow_drive/share/follow_drive/local_setup.dsv
[3.304s] -- Symlinking: /home/suhaib/linedetect_ws/install/follow_drive/share/follow_drive/package.dsv
[3.315s] -- Symlinking: /home/suhaib/linedetect_ws/install/follow_drive/share/ament_index/resource_index/packages/follow_drive
[3.328s] -- Symlinking: /home/suhaib/linedetect_ws/install/follow_drive/share/follow_drive/cmake/follow_driveConfig.cmake
[3.341s] -- Symlinking: /home/suhaib/linedetect_ws/install/follow_drive/share/follow_drive/cmake/follow_driveConfig-version.cmake
[3.351s] -- Symlinking: /home/suhaib/linedetect_ws/install/follow_drive/share/follow_drive/package.xml
[3.365s] Invoked command in '/home/suhaib/linedetect_ws/build/follow_drive' returned '0': CMAKE_PREFIX_PATH=${CMAKE_PREFIX_PATH}:/opt/ros/humble /usr/bin/cmake --install /home/suhaib/linedetect_ws/build/follow_drive
