[0.337s] DEBUG:colcon:Command line arguments: ['/usr/bin/colcon', 'build', '--symlink-install']
[0.337s] DEBUG:colcon:Parsed command line arguments: Namespace(log_base=None, log_level=None, verb_name='build', build_base='build', install_base='install', merge_install=False, symlink_install=True, test_result_base=None, continue_on_error=False, executor='parallel', parallel_workers=4, event_handlers=None, ignore_user_meta=False, metas=['./colcon.meta'], base_paths=['.'], packages_ignore=None, packages_ignore_regex=None, paths=None, packages_up_to=None, packages_up_to_regex=None, packages_above=None, packages_above_and_dependencies=None, packages_above_depth=None, packages_select_by_dep=None, packages_skip_by_dep=None, packages_skip_up_to=None, packages_select_build_failed=False, packages_skip_build_finished=False, packages_select_test_failures=False, packages_skip_test_passed=False, packages_select=None, packages_skip=None, packages_select_regex=None, packages_skip_regex=None, packages_start=None, packages_end=None, allow_overriding=[], cmake_args=None, cmake_target=None, cmake_target_skip_unavailable=False, cmake_clean_cache=False, cmake_clean_first=False, cmake_force_configure=False, ament_cmake_args=None, catkin_cmake_args=None, catkin_skip_building_tests=False, mixin_files=None, mixin=None, verb_parser=<colcon_mixin.mixin.mixin_argument.MixinArgumentDecorator object at 0x7f2e3ba75c00>, verb_extension=<colcon_core.verb.build.BuildVerb object at 0x7f2e3ba75510>, main=<bound method BuildVerb.main of <colcon_core.verb.build.BuildVerb object at 0x7f2e3ba75510>>, mixin_verb=('build',))
[0.689s] Level 1:colcon.colcon_core.package_discovery:discover_packages(colcon_meta) check parameters
[0.690s] Level 1:colcon.colcon_core.package_discovery:discover_packages(recursive) check parameters
[0.691s] Level 1:colcon.colcon_core.package_discovery:discover_packages(ignore) check parameters
[0.691s] Level 1:colcon.colcon_core.package_discovery:discover_packages(path) check parameters
[0.691s] Level 1:colcon.colcon_core.package_discovery:discover_packages(colcon_meta) discover
[0.691s] Level 1:colcon.colcon_core.package_discovery:discover_packages(recursive) discover
[0.692s] INFO:colcon.colcon_core.package_discovery:Crawling recursively for packages in '/home/suhaib/linedetect_ws'
[0.692s] Level 1:colcon.colcon_core.package_identification:_identify(.) by extensions ['ignore', 'ignore_ament_install']
[0.692s] Level 1:colcon.colcon_core.package_identification:_identify(.) by extension 'ignore'
[0.692s] Level 1:colcon.colcon_core.package_identification:_identify(.) by extension 'ignore_ament_install'
[0.693s] Level 1:colcon.colcon_core.package_identification:_identify(.) by extensions ['colcon_pkg']
[0.693s] Level 1:colcon.colcon_core.package_identification:_identify(.) by extension 'colcon_pkg'
[0.693s] Level 1:colcon.colcon_core.package_identification:_identify(.) by extensions ['colcon_meta']
[0.693s] Level 1:colcon.colcon_core.package_identification:_identify(.) by extension 'colcon_meta'
[0.693s] Level 1:colcon.colcon_core.package_identification:_identify(.) by extensions ['ros']
[0.693s] Level 1:colcon.colcon_core.package_identification:_identify(.) by extension 'ros'
[0.713s] Level 1:colcon.colcon_core.package_identification:_identify(.) by extensions ['cmake', 'python']
[0.713s] Level 1:colcon.colcon_core.package_identification:_identify(.) by extension 'cmake'
[0.713s] Level 1:colcon.colcon_core.package_identification:_identify(.) by extension 'python'
[0.713s] Level 1:colcon.colcon_core.package_identification:_identify(.) by extensions ['python_setup_py']
[0.713s] Level 1:colcon.colcon_core.package_identification:_identify(.) by extension 'python_setup_py'
[0.714s] Level 1:colcon.colcon_core.package_identification:_identify(build) by extensions ['ignore', 'ignore_ament_install']
[0.714s] Level 1:colcon.colcon_core.package_identification:_identify(build) by extension 'ignore'
[0.714s] Level 1:colcon.colcon_core.package_identification:_identify(build) ignored
[0.715s] Level 1:colcon.colcon_core.package_identification:_identify(install) by extensions ['ignore', 'ignore_ament_install']
[0.715s] Level 1:colcon.colcon_core.package_identification:_identify(install) by extension 'ignore'
[0.715s] Level 1:colcon.colcon_core.package_identification:_identify(install) ignored
[0.715s] Level 1:colcon.colcon_core.package_identification:_identify(log) by extensions ['ignore', 'ignore_ament_install']
[0.716s] Level 1:colcon.colcon_core.package_identification:_identify(log) by extension 'ignore'
[0.716s] Level 1:colcon.colcon_core.package_identification:_identify(log) ignored
[0.716s] Level 1:colcon.colcon_core.package_identification:_identify(src) by extensions ['ignore', 'ignore_ament_install']
[0.716s] Level 1:colcon.colcon_core.package_identification:_identify(src) by extension 'ignore'
[0.717s] Level 1:colcon.colcon_core.package_identification:_identify(src) by extension 'ignore_ament_install'
[0.717s] Level 1:colcon.colcon_core.package_identification:_identify(src) by extensions ['colcon_pkg']
[0.717s] Level 1:colcon.colcon_core.package_identification:_identify(src) by extension 'colcon_pkg'
[0.717s] Level 1:colcon.colcon_core.package_identification:_identify(src) by extensions ['colcon_meta']
[0.717s] Level 1:colcon.colcon_core.package_identification:_identify(src) by extension 'colcon_meta'
[0.717s] Level 1:colcon.colcon_core.package_identification:_identify(src) by extensions ['ros']
[0.717s] Level 1:colcon.colcon_core.package_identification:_identify(src) by extension 'ros'
[0.717s] Level 1:colcon.colcon_core.package_identification:_identify(src) by extensions ['cmake', 'python']
[0.717s] Level 1:colcon.colcon_core.package_identification:_identify(src) by extension 'cmake'
[0.718s] Level 1:colcon.colcon_core.package_identification:_identify(src) by extension 'python'
[0.718s] Level 1:colcon.colcon_core.package_identification:_identify(src) by extensions ['python_setup_py']
[0.718s] Level 1:colcon.colcon_core.package_identification:_identify(src) by extension 'python_setup_py'
[0.718s] Level 1:colcon.colcon_core.package_identification:_identify(src/cam_capture) by extensions ['ignore', 'ignore_ament_install']
[0.718s] Level 1:colcon.colcon_core.package_identification:_identify(src/cam_capture) by extension 'ignore'
[0.718s] Level 1:colcon.colcon_core.package_identification:_identify(src/cam_capture) by extension 'ignore_ament_install'
[0.718s] Level 1:colcon.colcon_core.package_identification:_identify(src/cam_capture) by extensions ['colcon_pkg']
[0.719s] Level 1:colcon.colcon_core.package_identification:_identify(src/cam_capture) by extension 'colcon_pkg'
[0.719s] Level 1:colcon.colcon_core.package_identification:_identify(src/cam_capture) by extensions ['colcon_meta']
[0.719s] Level 1:colcon.colcon_core.package_identification:_identify(src/cam_capture) by extension 'colcon_meta'
[0.719s] Level 1:colcon.colcon_core.package_identification:_identify(src/cam_capture) by extensions ['ros']
[0.719s] Level 1:colcon.colcon_core.package_identification:_identify(src/cam_capture) by extension 'ros'
[0.724s] DEBUG:colcon.colcon_core.package_identification:Package 'src/cam_capture' with type 'ros.ament_cmake' and name 'cam_capture'
[0.724s] Level 1:colcon.colcon_core.package_identification:_identify(src/cam_processor) by extensions ['ignore', 'ignore_ament_install']
[0.724s] Level 1:colcon.colcon_core.package_identification:_identify(src/cam_processor) by extension 'ignore'
[0.725s] Level 1:colcon.colcon_core.package_identification:_identify(src/cam_processor) by extension 'ignore_ament_install'
[0.725s] Level 1:colcon.colcon_core.package_identification:_identify(src/cam_processor) by extensions ['colcon_pkg']
[0.725s] Level 1:colcon.colcon_core.package_identification:_identify(src/cam_processor) by extension 'colcon_pkg'
[0.725s] Level 1:colcon.colcon_core.package_identification:_identify(src/cam_processor) by extensions ['colcon_meta']
[0.725s] Level 1:colcon.colcon_core.package_identification:_identify(src/cam_processor) by extension 'colcon_meta'
[0.725s] Level 1:colcon.colcon_core.package_identification:_identify(src/cam_processor) by extensions ['ros']
[0.725s] Level 1:colcon.colcon_core.package_identification:_identify(src/cam_processor) by extension 'ros'
[0.725s] DEBUG:colcon.colcon_core.package_identification:Package 'src/cam_processor' with type 'ros.ament_cmake' and name 'cam_processor'
[0.726s] Level 1:colcon.colcon_core.package_discovery:discover_packages(recursive) using defaults
[0.726s] Level 1:colcon.colcon_core.package_discovery:discover_packages(ignore) discover
[0.726s] Level 1:colcon.colcon_core.package_discovery:discover_packages(ignore) using defaults
[0.726s] Level 1:colcon.colcon_core.package_discovery:discover_packages(path) discover
[0.726s] Level 1:colcon.colcon_core.package_discovery:discover_packages(path) using defaults
[0.771s] Level 1:colcon.colcon_core.package_discovery:discover_packages(prefix_path) check parameters
[0.771s] Level 1:colcon.colcon_core.package_discovery:discover_packages(prefix_path) discover
[0.774s] DEBUG:colcon.colcon_installed_package_information.package_discovery:Found 2 installed packages in /home/suhaib/first_ws/install
[0.774s] DEBUG:colcon.colcon_installed_package_information.package_discovery:Found 2 installed packages in /home/suhaib/test_ws/install
[0.776s] DEBUG:colcon.colcon_installed_package_information.package_discovery:Found 288 installed packages in /opt/ros/humble
[0.777s] Level 1:colcon.colcon_core.package_discovery:discover_packages(prefix_path) using defaults
[0.822s] Level 5:colcon.colcon_core.verb:set package 'cam_capture' build argument 'cmake_args' from command line to 'None'
[0.822s] Level 5:colcon.colcon_core.verb:set package 'cam_capture' build argument 'cmake_target' from command line to 'None'
[0.822s] Level 5:colcon.colcon_core.verb:set package 'cam_capture' build argument 'cmake_target_skip_unavailable' from command line to 'False'
[0.822s] Level 5:colcon.colcon_core.verb:set package 'cam_capture' build argument 'cmake_clean_cache' from command line to 'False'
[0.822s] Level 5:colcon.colcon_core.verb:set package 'cam_capture' build argument 'cmake_clean_first' from command line to 'False'
[0.822s] Level 5:colcon.colcon_core.verb:set package 'cam_capture' build argument 'cmake_force_configure' from command line to 'False'
[0.822s] Level 5:colcon.colcon_core.verb:set package 'cam_capture' build argument 'ament_cmake_args' from command line to 'None'
[0.822s] Level 5:colcon.colcon_core.verb:set package 'cam_capture' build argument 'catkin_cmake_args' from command line to 'None'
[0.822s] Level 5:colcon.colcon_core.verb:set package 'cam_capture' build argument 'catkin_skip_building_tests' from command line to 'False'
[0.822s] DEBUG:colcon.colcon_core.verb:Building package 'cam_capture' with the following arguments: {'ament_cmake_args': None, 'build_base': '/home/suhaib/linedetect_ws/build/cam_capture', 'catkin_cmake_args': None, 'catkin_skip_building_tests': False, 'cmake_args': None, 'cmake_clean_cache': False, 'cmake_clean_first': False, 'cmake_force_configure': False, 'cmake_target': None, 'cmake_target_skip_unavailable': False, 'install_base': '/home/suhaib/linedetect_ws/install/cam_capture', 'merge_install': False, 'path': '/home/suhaib/linedetect_ws/src/cam_capture', 'symlink_install': True, 'test_result_base': None}
[0.823s] Level 5:colcon.colcon_core.verb:set package 'cam_processor' build argument 'cmake_args' from command line to 'None'
[0.823s] Level 5:colcon.colcon_core.verb:set package 'cam_processor' build argument 'cmake_target' from command line to 'None'
[0.823s] Level 5:colcon.colcon_core.verb:set package 'cam_processor' build argument 'cmake_target_skip_unavailable' from command line to 'False'
[0.823s] Level 5:colcon.colcon_core.verb:set package 'cam_processor' build argument 'cmake_clean_cache' from command line to 'False'
[0.823s] Level 5:colcon.colcon_core.verb:set package 'cam_processor' build argument 'cmake_clean_first' from command line to 'False'
[0.823s] Level 5:colcon.colcon_core.verb:set package 'cam_processor' build argument 'cmake_force_configure' from command line to 'False'
[0.823s] Level 5:colcon.colcon_core.verb:set package 'cam_processor' build argument 'ament_cmake_args' from command line to 'None'
[0.823s] Level 5:colcon.colcon_core.verb:set package 'cam_processor' build argument 'catkin_cmake_args' from command line to 'None'
[0.823s] Level 5:colcon.colcon_core.verb:set package 'cam_processor' build argument 'catkin_skip_building_tests' from command line to 'False'
[0.823s] DEBUG:colcon.colcon_core.verb:Building package 'cam_processor' with the following arguments: {'ament_cmake_args': None, 'build_base': '/home/suhaib/linedetect_ws/build/cam_processor', 'catkin_cmake_args': None, 'catkin_skip_building_tests': False, 'cmake_args': None, 'cmake_clean_cache': False, 'cmake_clean_first': False, 'cmake_force_configure': False, 'cmake_target': None, 'cmake_target_skip_unavailable': False, 'install_base': '/home/suhaib/linedetect_ws/install/cam_processor', 'merge_install': False, 'path': '/home/suhaib/linedetect_ws/src/cam_processor', 'symlink_install': True, 'test_result_base': None}
[0.823s] INFO:colcon.colcon_core.executor:Executing jobs using 'parallel' executor
[0.824s] DEBUG:colcon.colcon_parallel_executor.executor.parallel:run_until_complete
[0.825s] INFO:colcon.colcon_ros.task.ament_cmake.build:Building ROS package in '/home/suhaib/linedetect_ws/src/cam_capture' with build type 'ament_cmake'
[0.825s] INFO:colcon.colcon_cmake.task.cmake.build:Building CMake package in '/home/suhaib/linedetect_ws/src/cam_capture'
[0.829s] INFO:colcon.colcon_core.plugin_system:Skipping extension 'colcon_core.shell.bat': Not used on non-Windows systems
[0.830s] INFO:colcon.colcon_core.shell:Skip shell extension 'powershell' for command environment: Not usable outside of PowerShell
[0.830s] DEBUG:colcon.colcon_core.shell:Skip shell extension 'dsv' for command environment
[0.835s] INFO:colcon.colcon_ros.task.ament_cmake.build:Building ROS package in '/home/suhaib/linedetect_ws/src/cam_processor' with build type 'ament_cmake'
[0.835s] INFO:colcon.colcon_cmake.task.cmake.build:Building CMake package in '/home/suhaib/linedetect_ws/src/cam_processor'
[0.836s] INFO:colcon.colcon_core.shell:Skip shell extension 'powershell' for command environment: Not usable outside of PowerShell
[0.836s] DEBUG:colcon.colcon_core.shell:Skip shell extension 'dsv' for command environment
[0.855s] DEBUG:colcon.colcon_core.event_handler.log_command:Invoking command in '/home/suhaib/linedetect_ws/build/cam_capture': CMAKE_PREFIX_PATH=${CMAKE_PREFIX_PATH}:/opt/ros/humble /usr/bin/cmake --build /home/suhaib/linedetect_ws/build/cam_capture -- -j4 -l4
[0.863s] DEBUG:colcon.colcon_core.event_handler.log_command:Invoking command in '/home/suhaib/linedetect_ws/build/cam_processor': CMAKE_PREFIX_PATH=${CMAKE_PREFIX_PATH}:/opt/ros/humble /usr/bin/cmake /home/suhaib/linedetect_ws/src/cam_processor -DAMENT_CMAKE_SYMLINK_INSTALL=1 -DCMAKE_INSTALL_PREFIX=/home/suhaib/linedetect_ws/install/cam_processor
[0.919s] DEBUG:colcon.colcon_core.event_handler.log_command:Invoked command in '/home/suhaib/linedetect_ws/build/cam_capture' returned '0': CMAKE_PREFIX_PATH=${CMAKE_PREFIX_PATH}:/opt/ros/humble /usr/bin/cmake --build /home/suhaib/linedetect_ws/build/cam_capture -- -j4 -l4
[0.965s] DEBUG:colcon.colcon_core.event_handler.log_command:Invoking command in '/home/suhaib/linedetect_ws/build/cam_capture': CMAKE_PREFIX_PATH=${CMAKE_PREFIX_PATH}:/opt/ros/humble /usr/bin/cmake --install /home/suhaib/linedetect_ws/build/cam_capture
[0.998s] Level 1:colcon.colcon_core.environment:create_environment_scripts_only(cam_capture)
[0.999s] DEBUG:colcon.colcon_core.event_handler.log_command:Invoked command in '/home/suhaib/linedetect_ws/build/cam_capture' returned '0': CMAKE_PREFIX_PATH=${CMAKE_PREFIX_PATH}:/opt/ros/humble /usr/bin/cmake --install /home/suhaib/linedetect_ws/build/cam_capture
[1.005s] Level 1:colcon.colcon_core.environment:checking '/home/suhaib/linedetect_ws/install/cam_capture' for CMake module files
[1.006s] Level 1:colcon.colcon_core.environment:checking '/home/suhaib/linedetect_ws/install/cam_capture' for CMake config files
[1.008s] Level 1:colcon.colcon_core.shell:create_environment_hook('cam_capture', 'cmake_prefix_path')
[1.008s] INFO:colcon.colcon_core.shell:Creating environment hook '/home/suhaib/linedetect_ws/install/cam_capture/share/cam_capture/hook/cmake_prefix_path.ps1'
[1.009s] INFO:colcon.colcon_core.shell:Creating environment descriptor '/home/suhaib/linedetect_ws/install/cam_capture/share/cam_capture/hook/cmake_prefix_path.dsv'
[1.011s] INFO:colcon.colcon_core.shell:Creating environment hook '/home/suhaib/linedetect_ws/install/cam_capture/share/cam_capture/hook/cmake_prefix_path.sh'
[1.014s] Level 1:colcon.colcon_core.environment:checking '/home/suhaib/linedetect_ws/install/cam_capture/bin'
[1.015s] Level 1:colcon.colcon_core.environment:checking '/home/suhaib/linedetect_ws/install/cam_capture/lib/pkgconfig/cam_capture.pc'
[1.015s] Level 1:colcon.colcon_core.environment:checking '/home/suhaib/linedetect_ws/install/cam_capture/lib/python3.10/site-packages'
[1.016s] Level 1:colcon.colcon_core.environment:checking '/home/suhaib/linedetect_ws/install/cam_capture/bin'
[1.018s] INFO:colcon.colcon_core.shell:Creating package script '/home/suhaib/linedetect_ws/install/cam_capture/share/cam_capture/package.ps1'
[1.021s] INFO:colcon.colcon_core.shell:Creating package descriptor '/home/suhaib/linedetect_ws/install/cam_capture/share/cam_capture/package.dsv'
[1.023s] INFO:colcon.colcon_core.shell:Creating package script '/home/suhaib/linedetect_ws/install/cam_capture/share/cam_capture/package.sh'
[1.024s] INFO:colcon.colcon_core.shell:Creating package script '/home/suhaib/linedetect_ws/install/cam_capture/share/cam_capture/package.bash'
[1.026s] INFO:colcon.colcon_core.shell:Creating package script '/home/suhaib/linedetect_ws/install/cam_capture/share/cam_capture/package.zsh'
[1.028s] Level 1:colcon.colcon_core.environment:create_file_with_runtime_dependencies(/home/suhaib/linedetect_ws/install/cam_capture/share/colcon-core/packages/cam_capture)
[1.070s] Level 1:colcon.colcon_core.environment:create_environment_scripts_only(cam_capture)
[1.071s] Level 1:colcon.colcon_core.environment:checking '/home/suhaib/linedetect_ws/install/cam_capture' for CMake module files
[1.072s] Level 1:colcon.colcon_core.environment:checking '/home/suhaib/linedetect_ws/install/cam_capture' for CMake config files
[1.073s] Level 1:colcon.colcon_core.shell:create_environment_hook('cam_capture', 'cmake_prefix_path')
[1.074s] INFO:colcon.colcon_core.shell:Creating environment hook '/home/suhaib/linedetect_ws/install/cam_capture/share/cam_capture/hook/cmake_prefix_path.ps1'
[1.075s] INFO:colcon.colcon_core.shell:Creating environment descriptor '/home/suhaib/linedetect_ws/install/cam_capture/share/cam_capture/hook/cmake_prefix_path.dsv'
[1.075s] INFO:colcon.colcon_core.shell:Creating environment hook '/home/suhaib/linedetect_ws/install/cam_capture/share/cam_capture/hook/cmake_prefix_path.sh'
[1.077s] Level 1:colcon.colcon_core.environment:checking '/home/suhaib/linedetect_ws/install/cam_capture/bin'
[1.078s] Level 1:colcon.colcon_core.environment:checking '/home/suhaib/linedetect_ws/install/cam_capture/lib/pkgconfig/cam_capture.pc'
[1.078s] Level 1:colcon.colcon_core.environment:checking '/home/suhaib/linedetect_ws/install/cam_capture/lib/python3.10/site-packages'
[1.079s] Level 1:colcon.colcon_core.environment:checking '/home/suhaib/linedetect_ws/install/cam_capture/bin'
[1.080s] INFO:colcon.colcon_core.shell:Creating package script '/home/suhaib/linedetect_ws/install/cam_capture/share/cam_capture/package.ps1'
[1.081s] INFO:colcon.colcon_core.shell:Creating package descriptor '/home/suhaib/linedetect_ws/install/cam_capture/share/cam_capture/package.dsv'
[1.082s] INFO:colcon.colcon_core.shell:Creating package script '/home/suhaib/linedetect_ws/install/cam_capture/share/cam_capture/package.sh'
[1.083s] INFO:colcon.colcon_core.shell:Creating package script '/home/suhaib/linedetect_ws/install/cam_capture/share/cam_capture/package.bash'
[1.084s] INFO:colcon.colcon_core.shell:Creating package script '/home/suhaib/linedetect_ws/install/cam_capture/share/cam_capture/package.zsh'
[1.085s] Level 1:colcon.colcon_core.environment:create_file_with_runtime_dependencies(/home/suhaib/linedetect_ws/install/cam_capture/share/colcon-core/packages/cam_capture)
[3.176s] DEBUG:colcon.colcon_core.event_handler.log_command:Invoked command in '/home/suhaib/linedetect_ws/build/cam_processor' returned '0': CMAKE_PREFIX_PATH=${CMAKE_PREFIX_PATH}:/opt/ros/humble /usr/bin/cmake /home/suhaib/linedetect_ws/src/cam_processor -DAMENT_CMAKE_SYMLINK_INSTALL=1 -DCMAKE_INSTALL_PREFIX=/home/suhaib/linedetect_ws/install/cam_processor
[3.178s] DEBUG:colcon.colcon_core.event_handler.log_command:Invoking command in '/home/suhaib/linedetect_ws/build/cam_processor': CMAKE_PREFIX_PATH=${CMAKE_PREFIX_PATH}:/opt/ros/humble /usr/bin/cmake --build /home/suhaib/linedetect_ws/build/cam_processor -- -j4 -l4
[3.216s] DEBUG:colcon.colcon_core.event_handler.log_command:Invoked command in '/home/suhaib/linedetect_ws/build/cam_processor' returned '0': CMAKE_PREFIX_PATH=${CMAKE_PREFIX_PATH}:/opt/ros/humble /usr/bin/cmake --build /home/suhaib/linedetect_ws/build/cam_processor -- -j4 -l4
[3.243s] DEBUG:colcon.colcon_core.event_handler.log_command:Invoking command in '/home/suhaib/linedetect_ws/build/cam_processor': CMAKE_PREFIX_PATH=${CMAKE_PREFIX_PATH}:/opt/ros/humble /usr/bin/cmake --install /home/suhaib/linedetect_ws/build/cam_processor
[3.401s] Level 1:colcon.colcon_core.environment:create_environment_scripts_only(cam_processor)
[3.401s] Level 1:colcon.colcon_core.environment:checking '/home/suhaib/linedetect_ws/install/cam_processor' for CMake module files
[3.401s] DEBUG:colcon.colcon_core.event_handler.log_command:Invoked command in '/home/suhaib/linedetect_ws/build/cam_processor' returned '0': CMAKE_PREFIX_PATH=${CMAKE_PREFIX_PATH}:/opt/ros/humble /usr/bin/cmake --install /home/suhaib/linedetect_ws/build/cam_processor
[3.402s] Level 1:colcon.colcon_core.environment:checking '/home/suhaib/linedetect_ws/install/cam_processor' for CMake config files
[3.402s] Level 1:colcon.colcon_core.shell:create_environment_hook('cam_processor', 'cmake_prefix_path')
[3.402s] INFO:colcon.colcon_core.shell:Creating environment hook '/home/suhaib/linedetect_ws/install/cam_processor/share/cam_processor/hook/cmake_prefix_path.ps1'
[3.404s] INFO:colcon.colcon_core.shell:Creating environment descriptor '/home/suhaib/linedetect_ws/install/cam_processor/share/cam_processor/hook/cmake_prefix_path.dsv'
[3.405s] INFO:colcon.colcon_core.shell:Creating environment hook '/home/suhaib/linedetect_ws/install/cam_processor/share/cam_processor/hook/cmake_prefix_path.sh'
[3.407s] Level 1:colcon.colcon_core.environment:checking '/home/suhaib/linedetect_ws/install/cam_processor/bin'
[3.407s] Level 1:colcon.colcon_core.environment:checking '/home/suhaib/linedetect_ws/install/cam_processor/lib/pkgconfig/cam_processor.pc'
[3.407s] Level 1:colcon.colcon_core.environment:checking '/home/suhaib/linedetect_ws/install/cam_processor/lib/python3.10/site-packages'
[3.407s] Level 1:colcon.colcon_core.environment:checking '/home/suhaib/linedetect_ws/install/cam_processor/bin'
[3.408s] INFO:colcon.colcon_core.shell:Creating package script '/home/suhaib/linedetect_ws/install/cam_processor/share/cam_processor/package.ps1'
[3.409s] INFO:colcon.colcon_core.shell:Creating package descriptor '/home/suhaib/linedetect_ws/install/cam_processor/share/cam_processor/package.dsv'
[3.410s] INFO:colcon.colcon_core.shell:Creating package script '/home/suhaib/linedetect_ws/install/cam_processor/share/cam_processor/package.sh'
[3.411s] INFO:colcon.colcon_core.shell:Creating package script '/home/suhaib/linedetect_ws/install/cam_processor/share/cam_processor/package.bash'
[3.412s] INFO:colcon.colcon_core.shell:Creating package script '/home/suhaib/linedetect_ws/install/cam_processor/share/cam_processor/package.zsh'
[3.412s] Level 1:colcon.colcon_core.environment:create_file_with_runtime_dependencies(/home/suhaib/linedetect_ws/install/cam_processor/share/colcon-core/packages/cam_processor)
[3.437s] Level 1:colcon.colcon_core.environment:create_environment_scripts_only(cam_processor)
[3.438s] Level 1:colcon.colcon_core.environment:checking '/home/suhaib/linedetect_ws/install/cam_processor' for CMake module files
[3.438s] Level 1:colcon.colcon_core.environment:checking '/home/suhaib/linedetect_ws/install/cam_processor' for CMake config files
[3.438s] Level 1:colcon.colcon_core.shell:create_environment_hook('cam_processor', 'cmake_prefix_path')
[3.439s] INFO:colcon.colcon_core.shell:Creating environment hook '/home/suhaib/linedetect_ws/install/cam_processor/share/cam_processor/hook/cmake_prefix_path.ps1'
[3.439s] INFO:colcon.colcon_core.shell:Creating environment descriptor '/home/suhaib/linedetect_ws/install/cam_processor/share/cam_processor/hook/cmake_prefix_path.dsv'
[3.439s] INFO:colcon.colcon_core.shell:Creating environment hook '/home/suhaib/linedetect_ws/install/cam_processor/share/cam_processor/hook/cmake_prefix_path.sh'
[3.440s] Level 1:colcon.colcon_core.environment:checking '/home/suhaib/linedetect_ws/install/cam_processor/bin'
[3.440s] Level 1:colcon.colcon_core.environment:checking '/home/suhaib/linedetect_ws/install/cam_processor/lib/pkgconfig/cam_processor.pc'
[3.440s] Level 1:colcon.colcon_core.environment:checking '/home/suhaib/linedetect_ws/install/cam_processor/lib/python3.10/site-packages'
[3.440s] Level 1:colcon.colcon_core.environment:checking '/home/suhaib/linedetect_ws/install/cam_processor/bin'
[3.441s] INFO:colcon.colcon_core.shell:Creating package script '/home/suhaib/linedetect_ws/install/cam_processor/share/cam_processor/package.ps1'
[3.442s] INFO:colcon.colcon_core.shell:Creating package descriptor '/home/suhaib/linedetect_ws/install/cam_processor/share/cam_processor/package.dsv'
[3.442s] INFO:colcon.colcon_core.shell:Creating package script '/home/suhaib/linedetect_ws/install/cam_processor/share/cam_processor/package.sh'
[3.443s] INFO:colcon.colcon_core.shell:Creating package script '/home/suhaib/linedetect_ws/install/cam_processor/share/cam_processor/package.bash'
[3.443s] INFO:colcon.colcon_core.shell:Creating package script '/home/suhaib/linedetect_ws/install/cam_processor/share/cam_processor/package.zsh'
[3.444s] Level 1:colcon.colcon_core.environment:create_file_with_runtime_dependencies(/home/suhaib/linedetect_ws/install/cam_processor/share/colcon-core/packages/cam_processor)
[3.444s] DEBUG:colcon.colcon_parallel_executor.executor.parallel:closing loop
[3.445s] DEBUG:colcon.colcon_parallel_executor.executor.parallel:loop closed
[3.446s] DEBUG:colcon.colcon_parallel_executor.executor.parallel:run_until_complete finished with '0'
[3.446s] DEBUG:colcon.colcon_core.event_reactor:joining thread
[3.519s] INFO:colcon.colcon_core.plugin_system:Skipping extension 'colcon_notification.desktop_notification.notify_send': Could not find 'notify-send'
[3.519s] INFO:colcon.colcon_core.plugin_system:Skipping extension 'colcon_notification.desktop_notification.terminal_notifier': Not used on non-Darwin systems
[3.519s] INFO:colcon.colcon_core.plugin_system:Skipping extension 'colcon_notification.desktop_notification.win32': Not used on non-Windows systems
[3.519s] INFO:colcon.colcon_notification.desktop_notification:Sending desktop notification using 'notify2'
[3.520s] DEBUG:colcon.colcon_notification.desktop_notification.notify2:Failed to initialize notify2: org.freedesktop.DBus.Error.FileNotFound: Failed to connect to socket /run/user/1000/bus: No such file or directory
[3.520s] DEBUG:colcon.colcon_core.event_reactor:joined thread
[3.521s] INFO:colcon.colcon_core.shell:Creating prefix script '/home/suhaib/linedetect_ws/install/local_setup.ps1'
[3.522s] INFO:colcon.colcon_core.shell:Creating prefix util module '/home/suhaib/linedetect_ws/install/_local_setup_util_ps1.py'
[3.524s] INFO:colcon.colcon_core.shell:Creating prefix chain script '/home/suhaib/linedetect_ws/install/setup.ps1'
[3.525s] INFO:colcon.colcon_core.shell:Creating prefix script '/home/suhaib/linedetect_ws/install/local_setup.sh'
[3.527s] INFO:colcon.colcon_core.shell:Creating prefix util module '/home/suhaib/linedetect_ws/install/_local_setup_util_sh.py'
[3.527s] INFO:colcon.colcon_core.shell:Creating prefix chain script '/home/suhaib/linedetect_ws/install/setup.sh'
[3.529s] INFO:colcon.colcon_core.shell:Creating prefix script '/home/suhaib/linedetect_ws/install/local_setup.bash'
[3.529s] INFO:colcon.colcon_core.shell:Creating prefix chain script '/home/suhaib/linedetect_ws/install/setup.bash'
[3.531s] INFO:colcon.colcon_core.shell:Creating prefix script '/home/suhaib/linedetect_ws/install/local_setup.zsh'
[3.531s] INFO:colcon.colcon_core.shell:Creating prefix chain script '/home/suhaib/linedetect_ws/install/setup.zsh'
