[0.044s] Invoking command in '/home/suhaib/linedetect_ws/build/cam_capture': CMAKE_PREFIX_PATH=${CMAKE_PREFIX_PATH}:/opt/ros/humble /usr/bin/cmake /home/suhaib/linedetect_ws/src/cam_capture -DAMENT_CMAKE_SYMLINK_INSTALL=1 -DCMAKE_INSTALL_PREFIX=/home/suhaib/linedetect_ws/install/cam_capture
[0.945s] -- The C compiler identification is GNU 11.4.0
[2.650s] -- The CXX compiler identification is GNU 11.4.0
[3.447s] -- Detecting C compiler ABI info
[3.783s] -- Detecting C compiler ABI info - done
[3.793s] -- Check for working C compiler: /usr/bin/cc - skipped
[3.795s] -- Detecting C compile features
[3.796s] -- Detecting C compile features - done
[3.800s] -- Detecting CXX compiler ABI info
[4.063s] -- Detecting CXX compiler ABI info - done
[4.071s] -- Check for working CXX compiler: /usr/bin/c++ - skipped
[4.071s] -- Detecting CXX compile features
[4.072s] -- Detecting CXX compile features - done
[4.109s] -- Found ament_cmake: 1.3.8 (/opt/ros/humble/share/ament_cmake/cmake)
[4.308s] -- Found Python3: /usr/bin/python3 (found version "3.10.12") found components: Interpreter 
[4.398s] -- Override CMake install command with custom implementation using symlinks instead of copying resources
[4.491s] -- Found ament_lint_auto: 0.12.10 (/opt/ros/humble/share/ament_lint_auto/cmake)
[4.612s] -- Added test 'lint_cmake' to check CMake code style
[4.618s] -- Added test 'xmllint' to check XML markup files
[4.629s] -- Configuring done
[4.672s] -- Generating done
[4.678s] -- Build files have been written to: /home/suhaib/linedetect_ws/build/cam_capture
[4.692s] Invoked command in '/home/suhaib/linedetect_ws/build/cam_capture' returned '0': CMAKE_PREFIX_PATH=${CMAKE_PREFIX_PATH}:/opt/ros/humble /usr/bin/cmake /home/suhaib/linedetect_ws/src/cam_capture -DAMENT_CMAKE_SYMLINK_INSTALL=1 -DCMAKE_INSTALL_PREFIX=/home/suhaib/linedetect_ws/install/cam_capture
[4.693s] Invoking command in '/home/suhaib/linedetect_ws/build/cam_capture': CMAKE_PREFIX_PATH=${CMAKE_PREFIX_PATH}:/opt/ros/humble /usr/bin/cmake --build /home/suhaib/linedetect_ws/build/cam_capture -- -j4 -l4
[4.734s] Invoked command in '/home/suhaib/linedetect_ws/build/cam_capture' returned '0': CMAKE_PREFIX_PATH=${CMAKE_PREFIX_PATH}:/opt/ros/humble /usr/bin/cmake --build /home/suhaib/linedetect_ws/build/cam_capture -- -j4 -l4
[4.779s] Invoking command in '/home/suhaib/linedetect_ws/build/cam_capture': CMAKE_PREFIX_PATH=${CMAKE_PREFIX_PATH}:/opt/ros/humble /usr/bin/cmake --install /home/suhaib/linedetect_ws/build/cam_capture
[4.786s] -- Install configuration: ""
[4.787s] -- Execute custom install script
[4.794s] -- Symlinking: /home/suhaib/linedetect_ws/install/cam_capture/share/ament_index/resource_index/package_run_dependencies/cam_capture
[4.807s] -- Symlinking: /home/suhaib/linedetect_ws/install/cam_capture/share/ament_index/resource_index/parent_prefix_path/cam_capture
[4.820s] -- Symlinking: /home/suhaib/linedetect_ws/install/cam_capture/share/cam_capture/environment/ament_prefix_path.sh
[4.829s] -- Symlinking: /home/suhaib/linedetect_ws/install/cam_capture/share/cam_capture/environment/ament_prefix_path.dsv
[4.839s] -- Symlinking: /home/suhaib/linedetect_ws/install/cam_capture/share/cam_capture/environment/path.sh
[4.848s] -- Symlinking: /home/suhaib/linedetect_ws/install/cam_capture/share/cam_capture/environment/path.dsv
[4.858s] -- Symlinking: /home/suhaib/linedetect_ws/install/cam_capture/share/cam_capture/local_setup.bash
[4.868s] -- Symlinking: /home/suhaib/linedetect_ws/install/cam_capture/share/cam_capture/local_setup.sh
[4.877s] -- Symlinking: /home/suhaib/linedetect_ws/install/cam_capture/share/cam_capture/local_setup.zsh
[4.887s] -- Symlinking: /home/suhaib/linedetect_ws/install/cam_capture/share/cam_capture/local_setup.dsv
[4.896s] -- Symlinking: /home/suhaib/linedetect_ws/install/cam_capture/share/cam_capture/package.dsv
[4.908s] -- Symlinking: /home/suhaib/linedetect_ws/install/cam_capture/share/ament_index/resource_index/packages/cam_capture
[4.920s] -- Symlinking: /home/suhaib/linedetect_ws/install/cam_capture/share/cam_capture/cmake/cam_captureConfig.cmake
[4.930s] -- Symlinking: /home/suhaib/linedetect_ws/install/cam_capture/share/cam_capture/cmake/cam_captureConfig-version.cmake
[4.941s] -- Symlinking: /home/suhaib/linedetect_ws/install/cam_capture/share/cam_capture/package.xml
[4.953s] Invoked command in '/home/suhaib/linedetect_ws/build/cam_capture' returned '0': CMAKE_PREFIX_PATH=${CMAKE_PREFIX_PATH}:/opt/ros/humble /usr/bin/cmake --install /home/suhaib/linedetect_ws/build/cam_capture
