[0.029s] Invoking command in '/home/suhaib/linedetect_ws/build/cam_capture': CMAKE_PREFIX_PATH=${CMAKE_PREFIX_PATH}:/opt/ros/humble /usr/bin/cmake --build /home/suhaib/linedetect_ws/build/cam_capture -- -j4 -l4
[0.093s] Invoked command in '/home/suhaib/linedetect_ws/build/cam_capture' returned '0': CMAKE_PREFIX_PATH=${CMAKE_PREFIX_PATH}:/opt/ros/humble /usr/bin/cmake --build /home/suhaib/linedetect_ws/build/cam_capture -- -j4 -l4
[0.139s] Invoking command in '/home/suhaib/linedetect_ws/build/cam_capture': CMAKE_PREFIX_PATH=${CMAKE_PREFIX_PATH}:/opt/ros/humble /usr/bin/cmake --install /home/suhaib/linedetect_ws/build/cam_capture
[0.149s] -- Install configuration: ""
[0.150s] -- Execute custom install script
[0.150s] -- Up-to-date symlink: /home/suhaib/linedetect_ws/install/cam_capture/share/ament_index/resource_index/package_run_dependencies/cam_capture
[0.151s] -- Up-to-date symlink: /home/suhaib/linedetect_ws/install/cam_capture/share/ament_index/resource_index/parent_prefix_path/cam_capture
[0.151s] -- Up-to-date symlink: /home/suhaib/linedetect_ws/install/cam_capture/share/cam_capture/environment/ament_prefix_path.sh
[0.152s] -- Up-to-date symlink: /home/suhaib/linedetect_ws/install/cam_capture/share/cam_capture/environment/ament_prefix_path.dsv
[0.152s] -- Up-to-date symlink: /home/suhaib/linedetect_ws/install/cam_capture/share/cam_capture/environment/path.sh
[0.152s] -- Up-to-date symlink: /home/suhaib/linedetect_ws/install/cam_capture/share/cam_capture/environment/path.dsv
[0.153s] -- Up-to-date symlink: /home/suhaib/linedetect_ws/install/cam_capture/share/cam_capture/local_setup.bash
[0.153s] -- Up-to-date symlink: /home/suhaib/linedetect_ws/install/cam_capture/share/cam_capture/local_setup.sh
[0.154s] -- Up-to-date symlink: /home/suhaib/linedetect_ws/install/cam_capture/share/cam_capture/local_setup.zsh
[0.154s] -- Up-to-date symlink: /home/suhaib/linedetect_ws/install/cam_capture/share/cam_capture/local_setup.dsv
[0.155s] -- Symlinking: /home/suhaib/linedetect_ws/install/cam_capture/share/cam_capture/package.dsv
[0.168s] -- Up-to-date symlink: /home/suhaib/linedetect_ws/install/cam_capture/share/ament_index/resource_index/packages/cam_capture
[0.169s] -- Up-to-date symlink: /home/suhaib/linedetect_ws/install/cam_capture/share/cam_capture/cmake/cam_captureConfig.cmake
[0.170s] -- Up-to-date symlink: /home/suhaib/linedetect_ws/install/cam_capture/share/cam_capture/cmake/cam_captureConfig-version.cmake
[0.170s] -- Up-to-date symlink: /home/suhaib/linedetect_ws/install/cam_capture/share/cam_capture/package.xml
[0.173s] Invoked command in '/home/suhaib/linedetect_ws/build/cam_capture' returned '0': CMAKE_PREFIX_PATH=${CMAKE_PREFIX_PATH}:/opt/ros/humble /usr/bin/cmake --install /home/suhaib/linedetect_ws/build/cam_capture
